Arguments: 
  C:\Program Files\nodejs\node.exe C:\Program Files (x86)\Yarn\bin\yarn.js start

PATH: 
  C:\Windows\system32;C:\Windows;C:\Windows\System32\Wbem;C:\Windows\System32\WindowsPowerShell\v1.0\;C:\Windows\System32\OpenSSH\;C:\Program Files\NVIDIA Corporation\NVIDIA NvDLISR;C:\Program Files (x86)\NVIDIA Corporation\PhysX\Common;C:\Program Files\Java\jdk1.8.0_271\bin;C:\Users\Shivansh\AppData\Local\Microsoft\WindowsApps;C:\Users\Shivansh\AppData\Local\atom\bin;C:\adb;C:\ProgramData\chocolatey\bin;C:\Program Files\nodejs\;C:\Program Files\Git\cmd;C:\Program Files\Docker\Docker\resources\bin;C:\ProgramData\DockerDesktop\version-bin;C:\Program Files (x86)\Yarn\bin\;C:\Users\Shivansh\AppData\Local\Microsoft\WindowsApps;C:\Users\Shivansh\AppData\Local\Programs\Microsoft VS Code\bin;C:\Users\Shivansh\AppData\Roaming\npm;C:\Users\Shivansh\AppData\Local\GitHubDesktop\bin;S:\Python\Scripts;S:\Python\Scripts\pip;C:\Users\Shivansh\AppData\Local\Yarn\bin

Yarn version: 
  1.22.5

Node version: 
  15.5.0

Platform: 
  win32 x64

Trace: 
  SyntaxError: S:\react\react-form-v1\package.json: Unexpected token : in JSON at position 9
      at JSON.parse (<anonymous>)
      at C:\Program Files (x86)\Yarn\lib\cli.js:1625:59
      at Generator.next (<anonymous>)
      at step (C:\Program Files (x86)\Yarn\lib\cli.js:310:30)
      at C:\Program Files (x86)\Yarn\lib\cli.js:321:13

npm manifest: 
  "scripts": {
      "start": "expo start",
      "android": "expo start --android",
      "ios": "expo start --ios",
      "web": "expo start --web",
      "eject": "expo eject"
    },"devDependencies": {
      "babel-preset-expo": "^7.0.0"
    },

yarn manifest: 
  No manifest

Lockfile: 
  No lockfile
